[    00000] Linux vesi 4.15.20generic budd@l01amd64-03) cc vsin 3. (Ubunt 73.0-1butu3) #1-UbutuSMP ueApr 24 06:1:1 UTC 2018 Ubntu 15.0-221-gerc 4.1517
[    0.00000Commndine:OO_IMA=/oot/vinuz-4.15.0-20-generic root=LABEL=cloudimg-rootfs ro console=tty1 console=ttyS0
[    0.000000] KERNEL supported cpus:
   0.000000]   Intel GenuineIntel
[    0.000000]   AMD AuthenticAMD
[    0.000000]   Centaur CentaurHauls
[    0.000000] x86/fpu: Supporting XSAVE feature 0x001: 'x87 floating point registers'
[    0.000000] x86/fpu: Supporting XSAVE feature 0x002: 'SSE registers'
[    0.000000] x86/fpu: Supporting XSAVE feature 0x004: 'AVX registers'
[    0.000000] x86/fpu: xstate_offset[2]:  576, xstate_sizes[2]:  256
[    0.000000] x86/fpu: Enabled xstate features 0x7, context size is 832 bytes, using 'standard' format.
[    0.000000] e820: BIOS-provided physical RAM map:
[    0.000000] BIOS-e820: [mem 0x0000000000000000-0x000000000009fbff] usable
[    0.000000] BIOS-e820: [mem 0x000000000009fc00-0x000000000009ffff] reserved
[    .0000]IO-e820: [mem 0x00000000000x0000000000fffff] reserved
[    0.000000] BIOS-e820: [mem 0x0000000000100000-0x000000007ffeffff] usable
[    0.000000] BIOS-e820: [mem 0x000000007fff0000-0x000000007fffffff] ACPI data
[    0.000000] BIOS-e820: [mem 0x00000000fec00000-0x00000000fec00fff] reserved
[    0.000000] BIOS-e820: [mem 0x00000000fee00000-0x00000000fee00fff] reserved
[    0.000000] BIOS-e820: [mem 0x00000000fffc0000-0x00000000ffffffff] reserved
[    0.000000] NX (Execute Disable) protection: active
[    0.000000] random: fast init done
[    0.000000] SMBIOS 2.5 present.
[    0.000000] DMI: innotek GmbH VirtualBox/VirtualBox, BIOS VirtualBox 12/01/2006
[    0.000000] Hypervisor detected: KVM
[    0.000000] e820: last_pfn = 0x7fff0 max_arch_pfn = 0x400000000
[    0.000000] MTRR: Disabled
[    0.000000] x86/PAT: MTRRs disabled, skipping PAT initiization too.
[   00000] U MTs ll bnk- viualizedysem.[   0.0000] 6/AT: onguraon[0-7:   WTUC UC  WB  WT  UC- UC  
[    0.000000] found SMP MP-table at [mem 0x0009fff0-0x0009ffff] mapped at [         (ptrval)]
[    0.000000] Scanning 1 areas for low memory corruption
[    0.000000] RAMDISK: [mem 0x35b23000-0x36d88fff]
[    0.000000] ACPI: Early table checksum verification disabled
[    0.000000] ACPI: RSDP 0x00000000000E0000 000024 (v02 VBOX  )
[    0.00000 ACPI: SD 0x000000007FF030 00C (v01 VBOX   VBOXXSD0000000ASL 000061)
[   00000]ACP FCP 000000007FFF0F0 0000F4 (v04 VBOX   VBOXFACP 00000001 ASL  00000061)
[    0.000000] ACPI: DSDT 0x000000007FFF0480 0021FF (v02 VBOX   VBOXBIOS 00000002 INTL 20100528)
[    0.000000] ACPI: FACS 0x000000007FFF0200 000040
[    0.000000] ACPI: FACS 0x000000007FFF0200 000040
[    0.000000] ACPI: APIC 0x000000007FFF0240 00006C (v02 VBOX   VBOXAPIC 00000001 ASL  00000061)
[    0.000000] ACPI: SSDT 0x000000007FFF02B0 0001CC (v01 VBOX   VBOXCPUT 00000002 INTL 20100528)
[    0.000000] No NUMA configuration found
[    0.000000] Faking a node at [mem 0x0000000000000000-0x000000007ffeffff]
[    0.000000] NODE_DATA(0) allocated [mem 0x7ffc5000-0x7ffeffff]
[    0.000000] kvm-clock: cpu 0, msr 0:7ff44001, primary cpu clock
[    0.000000] kvm-clock: Using msrs 4b564d01 and 4b564d00
[    0.000000] kvm-clock: using sched offset of 3225965401 cycles
[    0.000000] clocksource: kvm-clock: mask: 0xffffffffffffffff max_cycles: 0x1cd42e4dffb, max_idle_ns: 881590591483 ns
[    0.000000] Zone ranges:
[    0.000000]   DMA      [mem 0x0000000000001000-0x0000000000ffffff]
[    0.000000]   DMA32    [mem 0x0000000001000000-0x000000007ffeffff]
[    0.00000]   oral   emty
[  .0000]  Devce  emy
[  .0000]Movalezone sarfor eah ode
[  0.000] Ealyemor nde rge
[  00000]  nod  0:me 0x00000000100-0x00000000eff]    .0000] nde  : me 0x000000000100-0x000007ffff]
   00000Intmem setup node 0 [mem 0x0000000000001000-0x000000007ffeffff]
[    0.000000] Reserved but unavailable: 98ages
[    0.000000] ACPI: PM-Timer IO Port: 0x4008
[    0.000000] IOAPIC[0]: apic_id 4, version 32, address 0xfec00000, GSI 0-23
[    0.000000] ACPI: INT_SRC_OVR (bus 0 bus_irq 0 global_irq 2 dfl dfl)
[    0.000000] ACPI: INT_SRC_OVR (bus 0 bus_irq 9 global_irq 9 low level)
[    0.000000] Using ACPI (MADT) for SMP configuration information
[    0.000000] smpboot: Allowing 4 CPUs, 0 hotplugCP
    00000] P: egiserd novemery [me0x0000000-0x00000fff]
[    0.000000] PM: Registered noosa memory: [mem 0x0009f000-0x0009ffff]
[    0.000000] M: Regtered nosave memory: [mem 0x000a0000-0x000effff]
[    0.000000] PM: Registered nosave memory: [mem 0x000f0000-0x000fffff]
[    0.000000] e820: [mem 0x80000000-0xfebfffff] available for PCI devices
[    0.000000] Booting paravirtualized kernel on KVM
[    0.000000] clocksource: refined-jifie: mk: 0xfffff macyles: 0xffffffff, max_idle_ns: 7645519600211568 ns
[    0.000000] setup_percpu: NR_CPUS:8192 nr_cpumask_bbits:4 nr_cpu_ids:4 nr_node_ids:1
[    0.000] perc: mbde 4 pges/cpu @       (ptrval) s151552 r8192 d28672 u524288
[    0.000000] PV qspinlock hash tble etries: 256 (order: 0, 4096 bytes)
[    0.000000] Buit 1 neists, mobility grouping on.  Total pages: 51596
[    0.00000 Policy zone: DMA32
[    0.000] Kne cmand line: BOOT_IMAGE=/boot/vmlnuz-4.15.0-20-generic root=LABEL=cloudimg-rotfs ro console=tty1 console=ttyS0
[    0.000000] Memory: 2015572K/2096696K available (12300K kernel code, 2470K rwdata, 4240K rodata, 2404K init, 2416K bss, 81124K reserved, 0K cma-reserved)
[    0.000000] SLUB: HWalign=64, Order=0-3, MinObjects=0, CPUs=4, Nodes=1
[    0.000000] Kernel/User page tables isolation: enabled
[    0.000000] ftrace: allocating 39065 entries in 153 pages
[   0.004000] Hierarchical RCU implementation.
[    0.004000] 	RCU restricting CPUs from NR_CPUS=8192 to nr_cpu_ids=4.
[    0.004000] 	Tasks RCU enabled.
[    0.004000] RCU: Adjusting gmery f ru_faut_le=1, nr_puids=
[   0.0400] NR_IRQS: 524544, nr_irqs: 456, preallocated irqs: 16
[    0.004000] Console: colour VGA+ 80x25
[    0.004000] console [tty1] enabled
[    0.004000] console [ttyS0] enabled
[    0.004000] ACPI: Core revision 20170831
[    0.004000] ACPI: 2 ACPI AML tables successfully acquired and loaded
[    0.004000] APIC: Switch to symmetric I/O mode setup
[    0.004000] x2apic enabled
[    0.004000] itched APIC routing to physical x2apic.
[    0.004778] ..TIMER: vector=0x30 apic1=0 pin1=2 apic2=-1 pin2=-1
[    0.008004] tsc: Detected 3192.002 MHz processor
[    0.012006] Calibrating delay loop (skipped) preset value.. 6384.00 BogoMIPS (lpj=12768008)
[    0.016002] pid_max: default: 32768 minimum: 301
[    0.020026] Security Framework initialized
[    0.020671] Yama: becoming mindful.
[    0.021232] AppArmor: AppArmor initialized
[    0.023022] Dentry cache hash table entries: 262144 (order: 9, 2097152 bytes)
[    0.025034] Inode-cache hash table entries: 131072 (order: 8, 1048576 bytes)
[    0.028021] Mount-cache hash table entries: 4096 (order: 3, 32768 bytes)
[    0.032010] Mountpoint-cache hash table entries: 4096 (order: 3, 32768 bytes)
[    0.033092] CPU: Physical Processor ID: 0
[    0.033652] CPU: Processor Core ID: 0
[    0.034190] mce: CPU supports 0 MCE banks
[    0.036012] Last level iTLB entries: 4KB 64, 2MB 8, 4MB 8
[    0.036761] Last level dTLB entries: 4KB 64, 2MB 0, 4MB 0, 1GB 4
[    0.037564] Spectre V2 : Mitigation: Full generic retpoline
[    0.038299] Spectre V2 : Spectre v2 mitigation: Filling RSB on context switch
[    0.039299] Freeing SMP alternatives memory: 36K
[  0.044000] smpboot: CPU0: Intel(R) Core(TM) i7-8700 CPU @ 3.20GHz (family: 0x6, model: 0x9e, stepping: 0xa)
[    0.044077] Performance Events: unsupported p6 CPU model 158 no PMU driver, software events only.
[    0.048038] Hierarchical SRCU implementation.
[    0.052431] NMI watchdog: Perf event create on CPU 0 failed with -2
[    0.056004] NMI watchdog: Perf NMI watchdog permanently disabled
[    0.060053] smp: Bringing up secondary CPUs ...
[    0.064070] x86: Booting SMP configuration:
[    0.064578] .... node  #0, CPUs:      #1
[    0.004000] kvm-clock: cpu 1, msr 0:7ff44041, secondary cpu clock
[    0.004000] mce: CPU supports 0 MCE banks
[    0.092053]  #2
[    0.004000] kvm-clock: cpu 2, msr 0:7ff44081, secondary cpu clock
[    0.004000] mce: CPU supports 0 MCE banks
[    0.230842]  #3
[    0.004000] kvm-clock: cpu 3, msr 0:7ff440c1, secondary cpu clock
[    0.004000] mce: CPU supports 0 MCE banks
[    0.312019] smp: Brought up 1 node, 4 CPUs
[    0.316007] smpboot: Max logical packages: 1
[    0.320005] smpboot: Total of 4 processors activated (25536.01 BogoMIPS)
[    0.320923] devtmpfs: initialized
[    0.320923] x86/mm: Memory block size: 128MB
[    0.321138] evm: security.selinux
[    0.321574] evm: security.SMACK64
[    0.322039] evm: security.SMACK64EXEC
[    0.322510] evm: security.SMACK64TRANSMUTE
[    0.324002] evm: security.SMACK64MMAP
[    0.324464] evm: security.apparmor
[    0.324913] evm: security.ima
[    0.325308] evm: security.capability
[    0.325802] clocksource: jiffies: mask: 0xffffffff max_cycles: 0xffffffff, max_idle_ns: 7645041785100000 ns
[    0.328015] futex hash table entries: 1024 (order: 4, 65536 bytes)
[    0.332060] pinctrl core: initialized pinctrl subsystem
[    0.336086] RTC time: 20:47:51, date: 05/05/18
[    0.340063] NET: Registered protocol family 16
[    0.340676] audit: initializing netlink subsys (disabled)
[    0.341370] audit: type=2000 audit(1525553267.467:1): state=initialized audit_enabled=0 res=1
[    0.341370] cpuidle: using governor ladder
[    0.341370] cpuidle: using governor menu
[    0.341370] ACPI: bus type PCI registered
[    0.344002] acpiphp: ACPI Hot Plug PCI Controller Driver version: 0.5
[    0.344833] PCI: Using configuration type 1 for base access
[    0.345587] HugeTLB registered 2.00 MiB page size, pre-allocated 0 pages
[    0.352069] ACPI: Added _OSI(Module Device)
[    0.352554] ACPI: Added _OSI(Processor Device)
[    0.353045] ACPI: Added _OSI(3.0 _SCP Extensions)
[    0.353561] ACPI: Added _OSI(Processor Aggregator Device)
[    0.360205] ACPI: Executed 1 blocks of module-level executable AML code
[    0.366278] ACPI: Interpreter enabled
[    0.366921] ACPI: (supports S0 S5)
[    0.368005] ACPI: Using IOAPIC for interrupt routing
[    0.368974] PCI: Using host bridge windows from ACPI; if necessary, use "pci=nocrs" and report a bug
[    0.372126] ACPI: Enabled 2 GPEs in block 00 to 07
[    0.382073] ACPI: PCI Root Bridge [PCI0] (domain 0000 [bus 00-ff])
[    0.384011] acpi PNP0A03:00: _OSC: OS supports [ASPM ClockPM Segments MSI]
[    0.388033] acpi PNP0A03:00: _OSC: not requesting OS control; OS requires [ExtendedConfig ASPM ClockPM MSI]
[    0.392012] acpi PNP0A03:00: fail to add MMCONFIG information, can't access extended PCI configuration space under this bridge.
[    0.393965] PCI host bridge to bus 0000:00
[    0.394610] pci_bus 0000:00: root bus resource [io  0x0000-0x0cf7 window]
[    0.396003] pci_bus 0000:00: root bus resource [io  0x0d00-0xffff window]
[    0.400005] pci_bus 0000:00: root bus resource [mem 0x000a0000-0x000bffff window]
[    0.401149] pci_bus 0000:00: root bus resource [mem 0x80000000-0xfdffffff window]
[    0.402338] pci_bus 0000:00: root bus resource [bus 00-ff]
[    0.405216] pci 0000:00:01.1: legacy IDE quirk: reg 0x10: [io  0x01f0-0x01f7]
[    0.408006] pci 0000:00:01.1: legacy IDE quirk: reg 0x14: [io  0x03f6]
[    0.408801] pci 0000:00:01.1: legacy IDE quirk: reg 0x18: [io  0x0170-0x0177]
[    0.409653] pci 0000:00:01.1: legacy IDE quirk: reg 0x1c: [io  0x0376]
[    0.425084] pci 0000:00:07.0: quirk: [io  0x4000-0x403f] claimed by PIIX4 ACPI
[    0.428017] pci 0000:00:07.0: quirk: [io  0x4100-0x410f] claimed by PIIX4 SMB
[    0.438115] ACPI: PCI Interrupt Link [LNKA] (IRQs 5 9 10 *11)
[    0.439592] ACPI: PCI Interrupt Link [LNKB] (IRQs 5 9 *10 11)
[    0.440076] ACPI: PCI Interrupt Link [LNKC] (IRQs 5 *9 10 11)
[    0.440890] ACPI: PCI Interrupt Link [LNKD] (IRQs 5 9 10 *11)
[    0.441814] SCSI subsystem initialized
[    0.442334] pci 0000:00:02.0: vgaarb: setting as boot VGA device
[    0.442334] pci 0000:00:02.0: vgaarb: VGA device added: decodes=io+mem,owns=io+mem,locks=none
[    0.444010] pci 0000:00:02.0: vgaarb: bridge control possible
[    0.444786] vgaarb: loaded
[    0.448025] ACPI: bus type USB registered
[    0.448617] usbcore: registered new interface driver usbfs
[    0.449433] usbcore: registered new interface driver hub
[    0.450119] usbcore: registered new device driver usb
[    0.452074] EDAC MC: Ver: 3.0.0
[    0.452606] PCI: Using ACPI for IRQ routing
[    0.456166] NetLabel: Initializing
[    0.456639] NetLabel:  domain hash size = 128
[    0.457229] NetLabel:  protocols = UNLABELED CIPSOv4 CALIPSO
[    0.457990] NetLabel:  unlabeled traffic allowed by default
[    0.458716] clocksource: Switched to clocksource kvm-clock
[    0.465808]VFS: Disk quot dquot_6.6.0
[    0.530917] VFS: Dquot-cache hash table trs:12 (de0,096 bytes
    0.7918]ppmo AAror FilesyteEnle
[[  1.206084] pnp: PnP ACPI init
[  1.253371] pnp: PnP ACPI: found 3 devices
[    1.301602 cckur: pim: mk:xffff max_cycs:xfff m_ie_: 8510 n
[  2814]ETRestedrocofaly2
[   .558 T eabsh hh blentes164 rd:  107bys)
[  3.45] P nd hsh tlentes164 rd:  214 bes
[  40295] P:as tablescoigur (taisd 38 bin164)[  456994 U hh tabe trs:02(oer: 3, 3278 bys)[  5764]DPitha tleentrs:02(oer3, 3278 te
  5.09] T:egted otolamy 
[  6172]ci00:00:00:imindictCICIrafe
  6.80] i 000:.0AcvangSAMAanwoarous  7.59] i 000:.0Vio vi wth sdod M at[m 0000c0000-000ff]
[  81875] paininras.
[    8.983566] Freeing initrd memory: 18840K
[    9.110601] platform rtc_cmos: registered platform RTC device (no PNP device found)
[    9.260055] Scanning for low memory corruption every 60 seconds
[    9.339674] Initialise system trusted keyrings
[    9.451011] Key type blacklist registered
[    9.547257] workingset: timestamp_bits=36 max_order=19 bucket_order=0
[    9.695021] zbud: loaded
[    9.744715] squashfs: version 4.0 (2009/01/31) Phillip Lougher
[    9.869285] fuse init (API version 7.26)
[    9.872725] Key type asymmetric registered
[    9.873426] Asymmetric key parser 'x509' registered
[    9.874207] Block layer SCSI generic (bsg) driver version 0.4 loaded (major 246)
[    9.875450] io scheduler noop registered
[    9.876078] io scheduler deadline registered
[    9.876902] io scheduler cfq registered (default)
[    9.959682] ACPI: AC Adapter [AC] (on-line)
[   10.075199] input: Power Button as /devices/LNXSYSTM:00/LNXPWRBN:00/input/input0
[   10.252405] tsc: Refined TSC clocksource calibration: 3193.654 MHz
[   0.64] PI: Power Button [PF]
[   10.256541] input: Sleep Btt a/dices/LNXSYSTM:00/LNXSLPBN:00/input/input1

[   10.256545] ACPI: Sleep Button [SLPF]
[   10.372660] Serial: 8250/16550 driver, 32 ports, IRQ sharing enabled
[   10.647219] 00:02: ttyS0 at I/O 0x3f8 (irq = 4, base_baud = 115200) is a 16550A
[   10.835247] Linux agpgart interface v0.103
[   10.835987] clocksource: tsc: mask: 0xffffffffffffffff max_cycles: 0x2e08df57c3b, max_idle_ns: 440795334626 ns
[   10.838087] loop: module loaded
[   10.838890] scsi host0: ata_piix
[   10.839465] scsi host1: ata_piix
[   10.839930] ata1: PATA max UDMA/33 cmd 0x1f0 ctl 0x3f6 bmdma 0xd000 irq 14
[   10.840818] ata2: PATA max UDMA/33 cmd 0x170 ctl 0x376 bmdma 0xd008 irq 15
[   10.841770] libphy: Fixed MDIO Bus: probed
[   10.931790] tun: Universal TUN/TAP device driver, 1.6
[   10.991131] PPP generic driver version 2.4.2
[   11.017373] ehci_hcd: USB 2.0 'Enhanced' Host Controller (EHCI) Driver
[   11.142308] ehci-pci: EHCI PCI platform driver
[   11.142935] ehci-platform: EHCI generic platform driver
[   11.143729] ohci_hcd: USB 1.1 'Open' Host Controller (OHCI) Driver
[   11.144526] ohci-pci: OHCI PCI platform driver
[   11.145162] ohci-platform: OHCI generic platform driver
[   11.145966] uhci_hcd: USB Universal Host Controller Interface driver
[   11.146796] i8042: PNP: PS/2 Controller [PNP0303:PS2K,PNP0f03:PS2M] at 0x60,0x64 irq 1,12
[   11.148236] serio: i8042 KBD port at 0x60,0x64 irq 1
[   11.148923] serio: i8042 AUX port at 0x60,0x64 irq 12
[   11.149780] mousedev: PS/2 mouse device common for all mice
[   11.151000] input: AT Translated Set 2 keyboard as /devices/platform/i8042/serio0/input/input2
[   11.152247] rtc_cmos rtc_cmos: rtc core: registered rtc_cmos as rtc0
[   11.153142] rtc_cmos rtc_cmos: alarms up to one day, 114 bytes nvram
[   11.154012] i2c /dev entries driver
[   11.154564] device-mapper: uevent: version 1.0.3
[   11.155283] device-mapper: ioctl: 4.37.0-ioctl (2017-09-20) initialised: dm-devel@redhat.com
[   11.156643] ledtrig-cpu: registered to indicate activity on CPUs
[   11.157901] NET: Registered protocol family 10
[   11.288681] Segment Routing with IPv6
[   11.355764] NET: Registered protocol family 17
[   11.396856] Key type dns_resolver registered
[   11.496461] RAS: Correctable Errors collector initialized.
[   11.618864] sched_clock: Marking stable (11618848935, 0)->(20851084374, -9232235439)
[   11.621103] registered taskstats version 1
[   11.632479] Loading compiled-in X.509 certificates
[   11.71973 Load 50ce 'ilti aogerederl key: f4ad6a5abf67650e4ceb5fdde47808'
[   12.575 zaploedsing pool lzo/zbud

[   12.786042] Key type big_key registered
[   12.786660] Key type trusted registered
[   12.788261] Key type encrypted registered
[   12.788906] AppArmor: AppArmor sha1 policy hashing enabled
[   12.789606] ima: No TPM chip found, activating TPM-bypass! (rc=-19)
[   12.790404] evm: HMAC attrs: 0x1
[   12.791000]   Magic number: 2:726:800
[   12.791549] rtc_cmos rtc_cmos: setting system clock to 2018-05-05 20:48:04 UTC (1525553284)
[   12.792770] BIOS EDD facility v0.16 2004-Jun-25, 0 devices found
[   12.793548] EDD information not available.
[   12.796066] Freeing unused kernel memory: 2404K
[   12.796863] Write protecting the kernel read-only data: 20480k
[   12.798008] Freeing unused kernel memory: 2008K
[   12.820269] Freeing unused kernel memory: 1904K
[   12.831307] x86/mm: Checked W+X mappings: passed, no W+X pages found.
[   12.852692] x86/mm: Checking user space page tables
[   12.856776] x86/mm: Checked W+X mappings: passed, no W+X pages found.
Loading, please wait...
starting version 237
[   12.900361] Fusion MPT base driver 3.04.20
[   12.925197] Copyright (c) 1999-2008 LSI Corporation
[   12.928654] e1000: Intel(R) PRO/1000 Network Driver - version 7.3.21-k8-NAPI
[   12.958426] e1000: Copyright (c) 1999-2006 Intel Corporation.
[   13.006137] Fusion MPT SPI Host driver 3.04.20
[   13.008869] AVX2 version of gcm_enc/dec engaged.
[   13.009482] AES CTR mode by8 optimization enabled
[   13.211206] input: ImExPS/2 Generic Explorer Mouse as /devices/platform/i8042/serio1/input/input4
[   13.351818] e1000 0000:00:03.0 eth0: (PCI:33MHz:32-bit) 02:64:30:56:7d:5d
[   13.351821] e1000 0000:00:03.0 eth0: Intel(R) PRO/1000 Network Connection
[   13.352596] mptbase: ioc0: Initiating bringup
[   13.356155] e1000 0000:00:03.0 enp0s3: renamed from eth0
[   13.452211] ioc0: LSI53C1030 A0: Capabilities={Initiator}
[   13.842919] scsi host2: ioc0: LSI53C1030 A0, FwRev=00000000h, Ports=1, MaxQ=256, IRQ=20
[   14.012685] scsi 2:0:0:0: Direct-Access     VBOX     HARDDISK         1.0  PQ: 0 ANSI: 5
[   15.026997] scsi target2:0:0: Beginning Domain Validation
[   15.851036] scsi target2:0:0: Domain Validation skipping write tests
[   15.952964] scsi target2:0:0: Ending Domain Validation
[   16.003800] scsi target2:0:0: asynchronous
[   16.065089] scsi 2:0:1:0: Direct-Access     VBOX     HARDDISK         1.0  PQ: 0 ANSI: 5
[   17.070100] scsi target2:0:1: Beginning Domain Validation
[   17.925256] scsi target2:0:1: Domain Validation skipping write tests
[   18.005749] scsi target2:0:1: Ending Domain Validation
[   18.006653] scsi target2:0:1: asynchronous
[   18.010621] sd 2:0:0:0: Attached scsi generic sg0 type 0
[   18.103856] sd 2:0:0:0: [sda] 20971520 512-byte logical blocks: (10.7 GB/10.0 GiB)
[   18.958578] sd 2:0:0:0: [sda] Write Protect is off
[   18.958599] sd 2:0:1:0: Attached scsi generic sg1 type 0
[   19.066945] sd 2:0:1:0: [sdb] 20480 512-byte logical blocks: (10.5 MB/10.0 MiB)
[   19.067044] sd 2:0:1:0: [sdb] Write Protect is off
[   19.067263] sd 2:0:1:0: [sdb] Incomplete mode parameter data
[   19.067264] sd 2:0:1:0: [sdb] Assuming drive cache: write through
[   19.069505] sd 2:0:1:0: [sdb] Attached SCSI disk
[   19.914395] sd 2:0:0:0: [sda] Incomplete mode parameter data
[   20.024137] sd 2:0:0:0: [sda] Assuming drive cache: write through
[   20.177908]  sda: sda1
[   20.252894] sd 2:0:0:0: [sda] Attached SCSI disk
Begin: Loading essential drivers ... [   21.696233] raid6: sse2x1   gen() 14636 MB/s
[   21.868966] raid6: sse2x1   xor() 10734 MB/s
[   22.056382] raid6: sse2x2   gen() 18133 MB/s
[   22.120180] raid6: sse2x2   xor()  9765 MB/s
[   22.216349] raid6: sse2x4   gen() 21168 MB/s
[   22.272264] raid6: sse2x4   xor() 12469 MB/s
[   22.420047] raid6: avx2x1   gen() 29722 MB/s
[   22.596114] raid6: avx2x1   xor() 20427 MB/s
[   22.724173] raid6: avx2x2   gen() 36390 MB/s
[   22.772279] raid6: avx2x2   xor() 16290 MB/s
[   22.944036] raid6: avx2x4   gen() 41352 MB/s
[   23.104133] raid6: avx2x4   xor() 24931 MB/s
[   23.236128] raid6: using algorithm avx2x4 gen() 41352 MB/s
[   23.258246] raid6: .... xor() 24931 MB/s, rmw enabled
[   23.259011] raid6: using avx2x2 recovery algorithm
[   23.260823] xor: automatically using best checksumming function   avx       
[   23.262578] async_tx: api initialized (async)
done.
Begin: Ru[   23.406636] Btrfs loaded, crc32c=crc32c-intel
nning /scripts/init-premount ...[   23.551483] EXT4-fs (sda1): mounted filesystem with ordered data mode. Opts: (null)
 done.
Begin: Mounting root file system ... Begin: Running /scripts/local-top ... done.
Begin: Running /scripts/local-premount ... Scanning for Btrfs filesystems
done.
Warning: fsck not present, so skipping root file system
done.
Begin: Running /scripts/local-bottom ... done.
Begin: Running /scripts/init-bottom ... done.
[   23.853954] ip_tables: (C) 2000-2006 Netfilter Core Team
[   23.859284] systemd[1]: systemd 237 running in system mode. (+PAM +AUDIT +SELINUX +IMA +APPARMOR +SMACK +SYSVINIT +UTMP +LIBCRYPTSETUP +GCRYPT +GNUTLS +ACL +XZ +LZ4 +SECCOMP +BLKID +ELFUTILS +KMOD -IDN2 +IDN -PCRE2 default-hierarchy=hybrid)
[   23.862151] systemd[1]: Detected virtualization oracle.
[   24.031072] systemd[1]: Detected architecture x86-64.

Welcome to [1mUbuntu 18.04 LTS[0m!

[   24.250119] systemd[1]: Set hostname to <ubuntu>.
[   24.870175] systemd[1]: Initializing machine ID from random generator.
[   25.021100] systemd[1]: Installed transient /etc/machine-id file.
[   25.398936] systemd[1]: Reached target Swap.
[[0;32m  OK  [0m] Reached target Swap.
[   25.487157] systemd[1]: Created slice System Slice.
[[0;32m  OK  [0m] Created slice System Slice.
[   25.665347] systemd[1]: Listening on udev Kernel Socket.
[[0;32m  OK  [0m] Listening on udev Kernel Socket.
[   26.620496] systemd[1]: Listening on LVM2 poll daemon socket.
[[0;32m  OK  [0m] Listening on LVM2 poll daemon socket.
[[0;32m  OK  [0m] Listening on Journal Audit Socket.
[[0;32m  OK  [0m] Listening on Journal Socket (/dev/log).
[[0;32m  OK  [0m] Listening on udev Control Socket.
[[0;32m  OK  [0m] Listening on Syslog Socket.
[[0;32m  OK  [0m] Listening on /dev/initctl Compatibility Named Pipe.
[[0;32m  OK  [0m] Created slice User and Session Slice.
[[0;32m  OK  [0m] Reached target System Time Synchronized.
[[0;32m  OK  [0m] Listening on Journal Socket.
         Mountin[   28.633626] random: crng init done
g Kernel Debug File System...
[   28.969771] systemd[1]: Starting Load Kernel Modules...
         Startin[   29.133343] Loading iSCSI transport class v2.0-870.
g Load Kernel Mo[   29.302886] iscsi: registered transport (tcp)
dules...
[   29.470667] iscsi: registered transport (iser)
[   29.632956] systemd[1]: Starting Create list of required static device nodes for the current kernel...
         Starting Create list of required st…ce nodes for the current kernel...
[   29.929592] systemd[1]: Starting Journal Service...
         Starting Journal Service...
[   30.127488] systemd[1]: Starting Remount Root and Kernel File Systems...
[   30.141274] EXT4-fs (sda1): re-mounted. Opts: (null)
         Starting Remount Root and Kernel File Systems...
[   30.241330] systemd[1]: Mounting POSIX Message Queue File System...
         Mounting POSIX Message Queue File System...
[   30.457151] systemd[1]: Mounting Huge Pages File System...
         Mounting Huge Pages File System...
[   30.680552] systemd[1]: Reached target User and Group Name Lookups.
[[0;32m  OK  [0m] Reached target User and Group Name Lookups.
[   31.836616] systemd[1]: Listening on LVM2 metadata daemon socket.
[[0;32m  OK  [0m] Listening on LVM2 metadata daemon socket.
[   32.643400] systemd[1]: Listening on Network Service Netlink Socket.
[[0;32m  OK  [0m] Listening on Network Service Netlink Socket.
[   32.645695] systemd[1]: Starting udev Coldplug all Devices...
         Starting udev Coldplug all Devices...
[[0;32m  OK  [0m] Listening on Device-mapper event daemon FIFOs.
         Starting Monitoring of LVM2 mirrors…ng dmeventd or progress polling...
         Starting Set the console keyboard layout...
[[0;32m  OK  [0m] Created slice system-serial\x2dgetty.slice.
[[0;32m  OK  [0m] Set up automount Arbitrary Executab…rmats File System Automount Point.
         Starting Uncomplicated firewall...
[[0;32m  OK  [0m] Reached target Slices.
[[0;32m  OK  [0m] Started Forward Password Requests to Wall Directory Watch.
[[0;32m  OK  [0m] Started Journal Service.
[[0;32m  OK  [0m] Mounted Kernel Debug File System.
[[0;32m  OK  [0m] Started Load Kernel Modules.
[[0;32m  OK  [0m] Started Create list of required sta…vice nodes for the current kernel.
[[0;32m  OK  [0m] Started Remount Root and Kernel File Systems.
[[0;32m  OK  [0m] Mounted POSIX Message Queue File System.
[[0;32m  OK  [0m] Mounted Huge Pages File System.
[[0;32m  OK  [0m] Started LVM2 metadata daemon.
         Starting Initial cloud-init job (pre-networking)...
         Starting Load/Save Random Seed...
         Starting Create Static Device Nodes in /dev...
         Starting Apply Kernel Variables...
         Mounting FUSE Control File System...
         Mounting Kernel Configuration File System...
         Starting Flush Journal to Persistent Storage...
[[0;32m  OK  [0m] Started Monitoring of LVM2 mirrors,…sing dmeventd or progress polling.
[[0;32m  OK  [0m] Started Set the console keyboard layout.
[[0;32m  OK  [0m] Started Uncomplicated firewall.
[[0;32m  OK  [0m] Started udev Coldplug all Devices.
[[0;32m  OK  [0m] Mounted FUSE Control File System.
[[0;32m  OK  [0m] Mounted Kernel Configuration File System.
[[0;32m  OK  [0m] Started Load/Save Random Seed.
[[0;32m  OK  [0m] Started Create Static Device Nodes in /dev.
[[0;32m  OK  [0m] Started Apply Kernel Variables.
[[0;32m  OK  [0m] Reached target Local File Systems (Pre).
[[0;32m  OK  [0m] Reached target Local File Systems.
         Starting Set console font and keymap...
         Starting AppArmor initialization...
         Starting Tell Plymouth To Write Out Runtime Data...
         Starting ebtables ruleset management...
         Starting Commit a transient machine-id on disk...
         Starting udev Kernel Device Manager...
[[0;32m  OK  [0m] Started Set console font and keymap.
[[0;32m  OK  [0m] Started udev Kernel Device Manager.
[[0;32m  OK  [0m] Started Tell Plymouth To Write Out Runtime Data.
[[0;32m  OK  [0m] Started Dispatch Password Requests to Console Directory Watch.
[[0;32m  OK  [0m] Reached target Local Encrypted Volumes.
[[0;32m  OK  [0m] Started Flush Journal to Persistent Storage.
[[0;32m  OK  [0m] Started Commit a transient machine-id on disk.
[[0;32m  OK  [0m] Found device /dev/ttyS0.
[[0;32m  OK  [0m] Started ebtables ruleset management.
[[0;32m  OK  [0m] Listening on Load/Save RF Kill Switch Status /dev/rfkill Watch.
         Starting Create Volatile Files and Directories...
[[0;32m  OK  [0m] Started Create Volatile Files and Directories.
         Starting Update UTMP about System Boot/Shutdown...
[[0;32m  OK  [0m] Started Update UTMP about System Boot/Shutdown.
[[0;32m  OK  [0m] Started AppArmor initialization.
[   33.978959] cloud-init[436]: Cloud-init v. 18.2 running 'init-local' at Sat, 05 May 2018 20:48:25 +0000. Up 33.58 seconds.
[[0;32m  OK  [0m] Started Initial cloud-init job (pre-networking).
[[0;32m  OK  [0m] Reached target Network (Pre).
         Starting Network Service...
[[0;32m  OK  [0m] Started Network Service.
         Starting Network Name Resolution...
         Starting Wait for Network to be Configured...
[[0;32m  OK  [0m] Started Network Name Resolution.
[[0;32m  OK  [0m] Reached target Host and Network Name Lookups.
[[0;32m  OK  [0m] Reached target Network.
[[0;32m  OK  [0m] Started Wait for Network to be Configured.
         Starting Initial cloud-init job (metadata service crawler)...
[   36.385537] cloud-init[702]: Cloud-init v. 18.2 running 'init' at Sat, 05 May 2018 20:48:27 +0000. Up 35.62 seconds.
[[   36.561131] cloud-init[702]: ci-info: ++++++++++++++++++++++++++++++++++++++Net device info++++++++++++++++++++++++++++++++++++++
[   36.561219] cloud-init[702]: ci-info: +--------+------+----------------------------+---------------+--------+-------------------+
[0;32m  OK  [0m] Started Initial cloud-init job (metadata service crawler).
[   36.561395] cloud-init[702]: ci-info: | Device |  Up  |          Address           |      Mask     | Scope  |     Hw-Address    |
[[   36.705737] cloud-init[702]: ci-info: +--------+------+----------------------------+---------------+--------+-------------------+
[   36.705849] cloud-init[702]: ci-info: | enp0s3 | True |         10.0.2.15          | 255.255.255.0 | global | 02:64:30:56:7d:5d |
[   36.706209] cloud-init[702]: ci-info: | enp0s3 | True | fe80::64:30ff:fe56:7d5d/64 |       .       |  link  | 02:64:30:56:7d:5d |
[0;32m  OK  [0m] Reached target Cloud-config availability.
[[   36.706329] cloud-init[702]: ci-info: |   lo   | True |         127.0.0.1          |   255.0.0.0   |  host  |         .         |
[   37.381879] cloud-init[702]: ci-info: |   lo   | True |          ::1/128           |       .       |  host  |         .         |
[0;32m  OK  [0m] Reached target Network is Online.
[   37.383847] cloud-init[702]: ci-info: +--------+------+----------------------------+---------------+--------+-------------------+
         [   37.532610] cloud-init[702]: ci-info: ++++++++++++++++++++++++++++Route IPv4 info+++++++++++++++++++++++++++++
[   37.532751] cloud-init[702]: ci-info: +-------+-------------+----------+-----------------+-----------+-------+
[   37.532912] cloud-init[702]: ci-info: | Route | Destination | Gateway  |     Genmask     | Interface | Flags |
[   37.533063] cloud-init[702]: ci-info: +-------+-------------+----------+-----------------+-----------+-------+
Starting iSCSI initiator daemon (iscsid)...
[[   37.533196] cloud-init[702]: ci-info: |   0   |   0.0.0.0   | 10.0.2.2 |     0.0.0.0     |   enp0s3  |   UG  |
[   38.068548] cloud-init[702]: ci-info: |   1   |   10.0.2.0  | 0.0.0.0  |  255.255.255.0  |   enp0s3  |   U   |
[0;32m  OK  [0m] Reached target System Initialization.
[   38.068690] cloud-init[702]: ci-info: |   2   |   10.0.2.2  | 0.0.0.0  | 255.255.255.255 |   enp0s3  |   UH  |
[[   38.649077] cloud-init[702]: ci-info: +-------+-------------+----------+-----------------+-----------+-------+
[   38.649185] cloud-init[702]: ci-info: +++++++++++++++++++Route IPv6 info+++++++++++++++++++
[0;32m  OK  [0m] Started Discard unused blocks once a week.
[   38.649550] cloud-init[702]: ci-info: +-------+-------------+---------+-----------+-------+
[   39.124610] cloud-init[702]: ci-info: | Route | Destination | Gateway | Interface | Flags |
[   39.124670] cloud-init[702]: ci-info: +-------+-------------+---------+-----------+-------+
[   39.124874] cloud-init[702]: ci-info: |   1   |  fe80::/64  |    ::   |   enp0s3  |   U   |
[   39.125044] cloud-init[702]: ci-info: |   3   |    local    |    ::   |   enp0s3  |   U   |
         Starting Socket activation for snappy daemon.
[   39.125444] cloud-init[702]: ci-info: |   4   |   ff00::/8  |    ::   |   enp0s3  |   U   |
[[   39.615630] cloud-init[702]: ci-info: +-------+-------------+---------+-----------+-------+
[   39.615739] cloud-init[702]: Generating public/private rsa key pair.
[0;32m  OK  [0m] Listening on D-Bus System Message Bus Socket.
[   39.616046] cloud-init[702]: Your identification has been saved in /etc/ssh/ssh_host_rsa_key.
[[   39.860710] cloud-init[702]: Your public key has been saved in /etc/ssh/ssh_host_rsa_key.pub.
[   39.860915] cloud-init[702]: The key fingerprint is:
[0;32m  OK  [0m] Started ACPI Events Check.
[[   39.861959] cloud-init[702]: SHA256:54G2BRieBcSkcAyivrb665eHo1UBxeq6ZubFnK0K/Rw root@ubuntu-bionic
[   40.037275] cloud-init[702]: The key's randomart image is:
[0;32m  OK  [0m] Reached target Paths.
[   40.037467] cloud-init[702]: +---[RSA 2048]----+
[[   40.424197] cloud-init[702]: |. ooo**..        |
[   40.424291] cloud-init[702]: |.. o.+o=         |
[0;32m  OK  [0m] Started Message of the Day.
[   40.424471] cloud-init[702]: |.   ..= .        |
[[   40.762844] cloud-init[702]: |.   .  . o       |
[   40.762931] cloud-init[702]: | . .  . S +      |
[   40.763118] cloud-init[702]: | ..o.+ . = .     |
[   40.763290] cloud-init[702]: |.o..Eo. . .      |
[   40.763449] cloud-init[702]: |..*==o.          |
[   40.763809] cloud-init[702]: |oOO*+o           |
[   40.763961] cloud-init[702]: +----[SHA256]-----+
[   40.764282] cloud-init[702]: Generating public/private dsa key pair.
[   40.764441] cloud-init[702]: Your identification has been saved in /etc/ssh/ssh_host_dsa_key.
[0;32m  OK  [0m[   40.764774] ] cloud-initListening on UUID daemon activation socket.[702]: 
Your public key has been saved in /etc/ssh/ssh_host_dsa_key.pub.
[[0;32m  OK  [0m[   41.355569] ] cloud-initListening on ACPID Listen Socket.[702]: 
The key fingerprint is:
[[   41.405658] cloud-init[702]: SHA256:tjNPv1XR5I40tqjtDNTe9129Sra7VSwz8THRDALuk6Y root@ubuntu-bionic
[   41.405757] cloud-init[702]: The key's randomart image is:
[0;32m  OK  [0m] Started Daily Cleanup of Temporary Directories.
[   41.405850] cloud-init[702]: +---[DSA 1024]----+
         [   41.621386] cloud-init[702]: |          ... .+o|
[   41.621534] cloud-init[702]: |         .   . o=|
[   41.621840] cloud-init[702]: |          .   =+o|
[   41.621985] cloud-init[702]: |         . o + O+|
[   41.622132] cloud-init[702]: |        S * o * *|
[   41.622280] cloud-init[702]: |       . = = . =o|
[   41.622425] cloud-init[702]: |        E + ooo.+|
[   41.622579] cloud-init[702]: |         = =o.o.=|
[   41.622878] cloud-init[702]: |          . =*+.o|
[   41.623022] cloud-init[702]: +----[SHA256]-----+
[   41.623169] cloud-init[702]: Generating public/private ecdsa key pair.
[   41.623314] cloud-init[702]: Your identification has been saved in /etc/ssh/ssh_host_ecdsa_key.
[   41.623460] cloud-init[702]: Your public key has been saved in /etc/ssh/ssh_host_ecdsa_key.pub.
[   41.623607] cloud-init[702]: The key fingerprint is:
[   41.623914] cloud-init[702]: SHA256:aOw4apH+eAkbPkY3Uu3mETOgd8Uw23568SAb7RuG1os root@ubuntu-bionic
[   41.624220] cloud-init[702]: The key's randomart image is:
[   41.624358] cloud-init[702]: +---[ECDSA 256]---+
[   41.624505] cloud-init[702]: |      oo         |
[   41.624664] cloud-init[702]: |    .  +o        |
[   41.624808] cloud-init[702]: |   . o...        |
[   41.624951] cloud-init[702]: |  . o.*o .       |
[   41.625096] cloud-init[702]: |   + o++S =      |
[   41.625247] cloud-init[702]: |  B o++  X +     |
[   41.625392] cloud-init[702]: | + Bo=..= * .    |
[   41.625542] cloud-init[702]: |  Boo... + +     |
[   41.626026] cloud-init[702]: | oo+.   E o      |
[   41.626178] cloud-init[702]: +----[SHA256]-----+
[   41.626316] cloud-initStarting LXD - unix socket.[702]: 
Generating public/private ed25519 key pair.
[   41.626345] cloud-init[702]: Your identification has been saved in /etc/ssh/ssh_host_ed25519_key.
[[   43.157016] cloud-init[702]: Your public key has been saved in /etc/ssh/ssh_host_ed25519_key.pub.
[   43.157107] cloud-init[702]: The key fingerprint is:
[0;32m  OK  [0m] Started Daily apt download activities.
[   43.157277] cloud-init[702]: SHA256:Ua2oVjDtDE2U+FkaKY50a2NTXSQ5fh1zxFZbh0njRpc root@ubuntu-bionic
[[   43.689106] cloud-init[702]: The key's randomart image is:
[   43.689491] cloud-init[702]: +--[ED25519 256]--+
[0;32m  OK  [0m] Started Daily apt upgrade and clean activities.
[[   43.690814] cloud-init[702]: |       *o+o=o.+=O|
[   43.968900] cloud-init[702]: |    . B B.=..o=EB|
[0;32m  OK  [0m] Reached target Timers.
[   43.969236] cloud-init[702]: |   . + @.B o .o* |
[   44.100911] cloud-init[702]: |    . B O.o ...  |
[   44.106448] cloud-init[702]: |     o =S  .     |
[[0;32m  OK  [0m] Listening on Socket activation for snappy daemon.
[   44.107178] cloud-init[702]: |      o          |
[[0;32m  OK  [0m] Listening on LXD - unix socket.
[   44.109703] cloud-init[702]: |     .           |
[[0;32m  OK  [0m] Started iSCSI initiator daemon (iscsid).
[   44.160451] cloud-init[702]: |                 |
[   44.228124]          cloud-initStarting Availability of block devices...[702]: 
|                 |
[[0;32m  OK  [0m] Reached target Remote File Systems (Pre).
[   44.254625] cloud-init[702]: +----[SHA256]-----+
[[0;32m  OK  [0m] Reached target Remote File Systems.
[[0;32m  OK  [0m] Reached target Sockets.
[[0;32m  OK  [0m] Reached target Basic System.
         Starting Apply the settings specified in cloud-config...
         Starting Pollinate to seed the pseudo random number generator...
         Starting Virtualbox guest utils...
         Starting Accounts Service...
[[0;32m  OK  [0m] Started irqbalance daemon.
         Starting Permit User Sessions...
[[0;32m  OK  [0m] Started Unattended Upgrades Shutdown.
[[0;32m  OK  [0m] Started Deferred execution scheduler.
         Starting LSB: Record successful boot for GRUB...
         Starting System Logging Service...
         Starting LXD - container startup/shutdown...
[[0;32m  OK  [0m] Started Regular background program processing daemon.
         Starting LSB: automatic crash report generation...
[[0;32m  OK  [0m] Started FUSE filesystem for LXC.
         Starting Login Service...
[[0;32m  OK  [0m] Started D-Bus System Message Bus.
         Starting Dispatcher daemon for systemd-networkd...
         Starting Snappy daemon...
[[0;32m  OK  [0m] Started System Logging Service.
[[0;32m  OK  [0m] Started Availability of block devices.
[[0;32m  OK  [0m] Started Permit User Sessions.
[[0;32m  OK  [0m] Started LXD - container startup/shutdown.
[[0;32m  OK  [0m] Started Login Service.
[[0;32m  OK  [0m] Started LSB: automatic crash report generation.
         Starting Authorization Manager...
         Starting Terminate Plymouth Boot Screen...
         Starting Hold until boot process finishes up...
[[0;32m  OK  [0m] Started Dispatcher daemon for systemd-networkd.
[[0;32m  OK  [0m] Started LSB: Record successful boot for GRUB.
[[0;32m  OK  [0m] Started Terminate Plymouth Boot Screen.
[[0;32m  OK  [0m] Started Snappy daemon.
[   45.463698] cloud-init[856]: Cloud-init v. 18.2 running 'modules:config' at Sat, 05 May 2018 20:48:36 +0000. Up 44.76 seconds.
[[0;32m  OK  [0m] Started Virtualbox guest utils.
[[0;32m  OK  [0m] Started Apply the settings specified in cloud-config.
[[0;32m  OK  [0m] Started Hold until boot process finishes up.
[[0;32m  OK  [0m] Started Authorization Manager.
[[0;32m  OK  [0m] Started Accounts Service.
         Starting Set console scheme...
[[0;32m  OK  [0m] Started Serial Getty on ttyS0.
[[0;32m  OK  [0m] Started Set console scheme.
[[0;32m  OK  [0m] Created slice system-getty.slice.
[[0;32m  OK  [0m] Started Getty on tty1.
[[0;32m  OK  [0m] Reached target Login Prompts.
[[0;32m  OK  [0m] Started Pollinate to seed the pseudo random number generator.
         Starting OpenBSD Secure Shell server...
[[0;32m  OK  [0m] Started OpenBSD Secure Shell server.
[[0;32m  OK  [0m] Reached target Multi-User System.
         Starting Execute cloud user/final scripts...
[[0;32m  OK  [0m] Reached target Graphical Interface.
         Starting Update UTMP about System Runlevel Changes...
[[0;32m  OK  [0m] Started Update UTMP about System Runlevel Changes.
ci-info: no authorized ssh keys fingerprints found for user ubuntu.
<14>May  5 20:48:39 ec2: 
<14>May  5 20:48:39 ec2: #############################################################
<14>May  5 20:48:39 ec2: -----BEGIN SSH HOST KEY FINGERPRINTS-----
<14>May  5 20:48:39 ec2: 1024 SHA256:tjNPv1XR5I40tqjtDNTe9129Sra7VSwz8THRDALuk6Y root@ubuntu-bionic (DSA)
<14>May  5 20:48:39 ec2: 256 SHA256:aOw4apH+eAkbPkY3Uu3mETOgd8Uw23568SAb7RuG1os root@ubuntu-bionic (ECDSA)
<14>May  5 20:48:39 ec2: 256 SHA256:Ua2oVjDtDE2U+FkaKY50a2NTXSQ5fh1zxFZbh0njRpc root@ubuntu-bionic (ED25519)
<14>May  5 20:48:39 ec2: 2048 SHA256:54G2BRieBcSkcAyivrb665eHo1UBxeq6ZubFnK0K/Rw root@ubuntu-bionic (RSA)
<14>May  5 20:48:39 ec2: -----END SSH HOST KEY FINGERPRINTS-----
<14>May  5 20:48:39 ec2: #############################################################
-----BEGIN SSH HOST KEY KEYS-----
ecdsa-sha2-nistp256 AAAAE2VjZHNhLXNoYTItbmlzdHAyNTYAAAAIbmlzdHAyNTYAAABBBHy3QEJP2pql79w3j6LGGNheg+u3gHJyk+DntLVmFEsDVoJwWDmmIWX64jcknmFiHMytX2Rbf4LyIl/EbTNW8tY= root@ubuntu-bionic
ssh-ed25519 AAAAC3NzaC1lZDI1NTE5AAAAIBfl4D1tAq8SgqeGbLXFPanBESxJIn8/Lrv6eSYC/WBZ root@ubuntu-bionic
ssh-rsa AAAAB3NzaC1yc2EAAAADAQABAAABAQDgyzp/DOAoeZzJRu8yuSS7Pj3nU8m7wdgwkPe2v2q511BjwIUsisuR8dTHhWyYRjSrBvdZZKdOdJNkJhM+XC/3cixb3PC1pJ/EBkY2f5RwtUJm7dEonAGxK5MuSbiVMwiSujgIC6r9MA+8E3EIfYIxregHQTqk10oItKUj7vTGUoXsrCBeCisEugQIDm6wyNBdAC8t61vIfXxWeMtqdgt6cBmH9cmk21wTPn7Flpl950/Go1cJOgjVip1IOX9/3gXmI0YNARtCP0u5XPZnUPqWHe8XL6JVNinMBwgoESS3sH87P4E1r4oHDqIvltpgaiehVRAtah+q5Yw757nuc/KH root@ubuntu-bionic
-----END SSH HOST KEY KEYS-----
[[0;32m  OK  [0m] Created slice User Slice of vagrant.
[   50.164407] cloud-init[1329]: Cloud-init v. 18.2 running 'modules:final' at Sat, 05 May 2018 20:48:39 +0000. Up 47.88 seconds.
         [   50.234627] cloud-init[1329]: ci-info: no authorized ssh keys fingerprints found for user ubuntu.
[   50.234784] cloud-init[1329]: Cloud-init v. 18.2 finished at Sat, 05 May 2018 20:48:41 +0000. Datasource DataSourceNoCloud [seed=/dev/sdb][dsmode=net].  Up 50.14 seconds
Starting User Manager for UID 1000...
[[0;32m  OK  [0m] Started User Manager for UID 1000.
[[0;32m  OK  [0m] Started Execute cloud user/final scripts.
[[0;32m  OK  [0m] Started Session 1 of user vagrant.
[[0;32m  OK  [0m] Reached target Cloud-init target.

Ubuntu 18.04 LTS ubuntu-bionic ttyS0

ubuntu-bionic login: 